Copyright 1986-2018 Xilinx, Inc. All Rights Reserved.
------------------------------------------------------------------------------------
| Tool Version : Vivado v.2018.1 (lin64) Build 2188600 Wed Apr  4 18:39:19 MDT 2018
| Date         : Sat May 12 03:12:40 2018
| Host         : tys-Precision-Tower-3620 running 64-bit Ubuntu 16.04.4 LTS
| Command      : report_control_sets -verbose -file top_control_sets.rpt
| Design       : top
| Device       : xc7a100t
------------------------------------------------------------------------------------

Control Set Information

Table of Contents
-----------------
1. Summary
2. Histogram
3. Flip-Flop Distribution
4. Detailed Control Set Information

1. Summary
----------

+----------------------------------------------------------+-------+
|                          Status                          | Count |
+----------------------------------------------------------+-------+
| Number of unique control sets                            |     2 |
| Unused register locations in slices containing registers |    14 |
+----------------------------------------------------------+-------+


2. Histogram
------------

+--------+--------------+
| Fanout | Control Sets |
+--------+--------------+
|      1 |            1 |
|    16+ |            1 |
+--------+--------------+


3. Flip-Flop Distribution
-------------------------

+--------------+-----------------------+------------------------+-----------------+--------------+
| Clock Enable | Synchronous Set/Reset | Asynchronous Set/Reset | Total Registers | Total Slices |
+--------------+-----------------------+------------------------+-----------------+--------------+
| No           | No                    | No                     |               1 |            1 |
| No           | No                    | Yes                    |               0 |            0 |
| No           | Yes                   | No                     |              25 |            7 |
| Yes          | No                    | No                     |               0 |            0 |
| Yes          | No                    | Yes                    |               0 |            0 |
| Yes          | Yes                   | No                     |               0 |            0 |
+--------------+-----------------------+------------------------+-----------------+--------------+


4. Detailed Control Set Information
-----------------------------------

+-------------------+---------------+------------------+------------------+----------------+
|    Clock Signal   | Enable Signal | Set/Reset Signal | Slice Load Count | Bel Load Count |
+-------------------+---------------+------------------+------------------+----------------+
|  clk100_IBUF_BUFG |               |                  |                1 |              1 |
|  clk100_IBUF_BUFG |               | platform_int_rst |                7 |             25 |
+-------------------+---------------+------------------+------------------+----------------+


