#-----------------------------------------------------------
# Vivado v2018.1 (64-bit)
# SW Build 2188600 on Wed Apr  4 18:39:19 MDT 2018
# IP Build 2185939 on Wed Apr  4 20:55:05 MDT 2018
# Start of session at: Sat May 12 03:06:27 2018
# Process ID: 17475
# Current directory: /home/tys/migentutorial/build_mytry1
# Command line: vivado -mode batch -source top.tcl
# Log file: /home/tys/migentutorial/build_mytry1/vivado.log
# Journal file: /home/tys/migentutorial/build_mytry1/vivado.jou
#-----------------------------------------------------------
source top.tcl
# create_project -force -name top -part xc7a100t-CSG324-1
# add_files {top.v}
# set_property library work [get_files {top.v}]
WARNING: [filemgmt 56-99] Vivado Synthesis ignores library specification for Verilog or SystemVerilog files. [/home/tys/migentutorial/build_mytry1/top.v:]
# read_xdc top.xdc
# synth_design -top top -part xc7a100t-CSG324-1
Command: synth_design -top top -part xc7a100t-CSG324-1
Starting synth_design
Attempting to get a license for feature 'Synthesis' and/or device 'xc7a100t'
INFO: [Common 17-349] Got license for feature 'Synthesis' and/or device 'xc7a100t'
INFO: Launching helper process for spawning children vivado processes
INFO: Helper process launched with PID 17491 
---------------------------------------------------------------------------------
Starting RTL Elaboration : Time (s): cpu = 00:00:06 ; elapsed = 00:00:06 . Memory (MB): peak = 1281.070 ; gain = 84.883 ; free physical = 850 ; free virtual = 4359
---------------------------------------------------------------------------------
INFO: [Synth 8-6157] synthesizing module 'top' [/home/tys/migentutorial/build_mytry1/top.v:2]
INFO: [Synth 8-6155] done synthesizing module 'top' (1#1) [/home/tys/migentutorial/build_mytry1/top.v:2]
WARNING: [Synth 8-3330] design top has an empty top module
WARNING: [Synth 8-3917] design top has port user_led driven by constant 0
WARNING: [Synth 8-3331] design top has unconnected port clk100
---------------------------------------------------------------------------------
Finished RTL Elaboration : Time (s): cpu = 00:00:06 ; elapsed = 00:00:07 . Memory (MB): peak = 1325.680 ; gain = 129.492 ; free physical = 861 ; free virtual = 4371
---------------------------------------------------------------------------------

Report Check Netlist: 
+------+------------------+-------+---------+-------+------------------+
|      |Item              |Errors |Warnings |Status |Description       |
+------+------------------+-------+---------+-------+------------------+
|1     |multi_driven_nets |      0|        0|Passed |Multi driven nets |
+------+------------------+-------+---------+-------+------------------+
---------------------------------------------------------------------------------
Start Handling Custom Attributes
---------------------------------------------------------------------------------
---------------------------------------------------------------------------------
Finished Handling Custom Attributes : Time (s): cpu = 00:00:07 ; elapsed = 00:00:07 . Memory (MB): peak = 1325.680 ; gain = 129.492 ; free physical = 862 ; free virtual = 4371
---------------------------------------------------------------------------------
---------------------------------------------------------------------------------
Finished RTL Optimization Phase 1 : Time (s): cpu = 00:00:07 ; elapsed = 00:00:07 . Memory (MB): peak = 1325.680 ; gain = 129.492 ; free physical = 862 ; free virtual = 4371
---------------------------------------------------------------------------------
INFO: [Device 21-403] Loading part xc7a100tcsg324-1
INFO: [Project 1-570] Preparing netlist for logic optimization

Processing XDC Constraints
Initializing timing engine
Parsing XDC File [/home/tys/migentutorial/build_mytry1/top.xdc]
WARNING: [Vivado 12-507] No nets matched 'clk100'. [/home/tys/migentutorial/build_mytry1/top.xdc:10]
CRITICAL WARNING: [Vivado 12-4739] create_clock:No valid object(s) found for '-objects [get_nets clk100]'. [/home/tys/migentutorial/build_mytry1/top.xdc:10]
Resolution: Check if the specified object(s) exists in the current design. If it does, ensure that the correct design hierarchy was specified for the object. If you are working with clocks, make sure create_clock was used to create the clock object before it is referenced.
WARNING: [Vivado 12-1023] No nets matched for command 'get_nets -filter {mr_ff == TRUE}'. [/home/tys/migentutorial/build_mytry1/top.xdc:12]
WARNING: [Vivado 12-180] No cells matched 'get_cells -filter {ars_ff1 == TRUE || ars_ff2 == TRUE}'. [/home/tys/migentutorial/build_mytry1/top.xdc:14]
WARNING: [Vivado 12-508] No pins matched 'get_pins -filter {REF_PIN_NAME == PRE} -of [get_cells -filter {ars_ff1 == TRUE || ars_ff2 == TRUE}]'. [/home/tys/migentutorial/build_mytry1/top.xdc:14]
WARNING: [Vivado 12-180] No cells matched 'get_cells -filter {ars_ff1 == TRUE}'. [/home/tys/migentutorial/build_mytry1/top.xdc:16]
WARNING: [Vivado 12-508] No pins matched 'get_pins -filter {REF_PIN_NAME == Q} -of [get_cells -filter {ars_ff1 == TRUE}]'. [/home/tys/migentutorial/build_mytry1/top.xdc:16]
WARNING: [Vivado 12-180] No cells matched 'get_cells -filter {ars_ff2 == TRUE}'. [/home/tys/migentutorial/build_mytry1/top.xdc:16]
WARNING: [Vivado 12-508] No pins matched 'get_pins -filter {REF_PIN_NAME == D} -of [get_cells -filter {ars_ff2 == TRUE}]'. [/home/tys/migentutorial/build_mytry1/top.xdc:16]
Finished Parsing XDC File [/home/tys/migentutorial/build_mytry1/top.xdc]
INFO: [Project 1-236] Implementation specific constraints were found while reading constraint file [/home/tys/migentutorial/build_mytry1/top.xdc]. These constraints will be ignored for synthesis but will be used in implementation. Impacted constraints are listed in the file [.Xil/top_propImpl.xdc].
Resolution: To avoid this warning, move constraints listed in [.Xil/top_propImpl.xdc] to another XDC file and exclude this new file from synthesis with the used_in_synthesis property (File Properties dialog in GUI) and re-run elaboration/synthesis.
Completed Processing XDC Constraints

INFO: [Project 1-111] Unisim Transformation Summary:
No Unisim elements were transformed.

Constraint Validation Runtime : Time (s): cpu = 00:00:00 ; elapsed = 00:00:00 . Memory (MB): peak = 1607.152 ; gain = 0.000 ; free physical = 608 ; free virtual = 4118
---------------------------------------------------------------------------------
Finished Constraint Validation : Time (s): cpu = 00:00:18 ; elapsed = 00:01:07 . Memory (MB): peak = 1607.152 ; gain = 410.965 ; free physical = 680 ; free virtual = 4189
---------------------------------------------------------------------------------
---------------------------------------------------------------------------------
Start Loading Part and Timing Information
---------------------------------------------------------------------------------
Loading part: xc7a100tcsg324-1
---------------------------------------------------------------------------------
Finished Loading Part and Timing Information : Time (s): cpu = 00:00:18 ; elapsed = 00:01:07 . Memory (MB): peak = 1607.152 ; gain = 410.965 ; free physical = 680 ; free virtual = 4189
---------------------------------------------------------------------------------
---------------------------------------------------------------------------------
Start Applying 'set_property' XDC Constraints
---------------------------------------------------------------------------------
---------------------------------------------------------------------------------
Finished applying 'set_property' XDC Constraints : Time (s): cpu = 00:00:18 ; elapsed = 00:01:07 . Memory (MB): peak = 1607.152 ; gain = 410.965 ; free physical = 679 ; free virtual = 4189
---------------------------------------------------------------------------------
---------------------------------------------------------------------------------
Finished RTL Optimization Phase 2 : Time (s): cpu = 00:00:18 ; elapsed = 00:01:07 . Memory (MB): peak = 1607.152 ; gain = 410.965 ; free physical = 677 ; free virtual = 4187
---------------------------------------------------------------------------------

Report RTL Partitions: 
+-+--------------+------------+----------+
| |RTL Partition |Replication |Instances |
+-+--------------+------------+----------+
+-+--------------+------------+----------+
---------------------------------------------------------------------------------
Start RTL Component Statistics 
---------------------------------------------------------------------------------
Detailed RTL Component Info : 
---------------------------------------------------------------------------------
Finished RTL Component Statistics 
---------------------------------------------------------------------------------
---------------------------------------------------------------------------------
Start RTL Hierarchical Component Statistics 
---------------------------------------------------------------------------------
Hierarchical RTL Component report 
---------------------------------------------------------------------------------
Finished RTL Hierarchical Component Statistics
---------------------------------------------------------------------------------
---------------------------------------------------------------------------------
Start Part Resource Summary
---------------------------------------------------------------------------------
Part Resources:
DSPs: 240 (col length:80)
BRAMs: 270 (col length: RAMB18 80 RAMB36 40)
---------------------------------------------------------------------------------
Finished Part Resource Summary
---------------------------------------------------------------------------------
---------------------------------------------------------------------------------
Start Cross Boundary and Area Optimization
---------------------------------------------------------------------------------
Warning: Parallel synthesis criteria is not met 
WARNING: [Synth 8-3330] design top has an empty top module
WARNING: [Synth 8-3917] design top has port user_led driven by constant 0
WARNING: [Synth 8-3331] design top has unconnected port clk100
---------------------------------------------------------------------------------
Finished Cross Boundary and Area Optimization : Time (s): cpu = 00:00:18 ; elapsed = 00:01:07 . Memory (MB): peak = 1607.152 ; gain = 410.965 ; free physical = 677 ; free virtual = 4188
---------------------------------------------------------------------------------

Report RTL Partitions: 
+-+--------------+------------+----------+
| |RTL Partition |Replication |Instances |
+-+--------------+------------+----------+
+-+--------------+------------+----------+
---------------------------------------------------------------------------------
Start Applying XDC Timing Constraints
---------------------------------------------------------------------------------
---------------------------------------------------------------------------------
Finished Applying XDC Timing Constraints : Time (s): cpu = 00:00:23 ; elapsed = 00:01:14 . Memory (MB): peak = 1619.137 ; gain = 422.949 ; free physical = 551 ; free virtual = 4064
---------------------------------------------------------------------------------
---------------------------------------------------------------------------------
Start Timing Optimization
---------------------------------------------------------------------------------
---------------------------------------------------------------------------------
Finished Timing Optimization : Time (s): cpu = 00:00:23 ; elapsed = 00:01:14 . Memory (MB): peak = 1619.137 ; gain = 422.949 ; free physical = 551 ; free virtual = 4064
---------------------------------------------------------------------------------

Report RTL Partitions: 
+-+--------------+------------+----------+
| |RTL Partition |Replication |Instances |
+-+--------------+------------+----------+
+-+--------------+------------+----------+
---------------------------------------------------------------------------------
Start Technology Mapping
---------------------------------------------------------------------------------
---------------------------------------------------------------------------------
Finished Technology Mapping : Time (s): cpu = 00:00:23 ; elapsed = 00:01:14 . Memory (MB): peak = 1619.137 ; gain = 422.949 ; free physical = 551 ; free virtual = 4063
---------------------------------------------------------------------------------

Report RTL Partitions: 
+-+--------------+------------+----------+
| |RTL Partition |Replication |Instances |
+-+--------------+------------+----------+
+-+--------------+------------+----------+
---------------------------------------------------------------------------------
Start IO Insertion
---------------------------------------------------------------------------------
---------------------------------------------------------------------------------
Start Flattening Before IO Insertion
---------------------------------------------------------------------------------
---------------------------------------------------------------------------------
Finished Flattening Before IO Insertion
---------------------------------------------------------------------------------
---------------------------------------------------------------------------------
Start Final Netlist Cleanup
---------------------------------------------------------------------------------
---------------------------------------------------------------------------------
Finished Final Netlist Cleanup
---------------------------------------------------------------------------------
---------------------------------------------------------------------------------
Finished IO Insertion : Time (s): cpu = 00:00:23 ; elapsed = 00:01:14 . Memory (MB): peak = 1619.137 ; gain = 422.949 ; free physical = 552 ; free virtual = 4063
---------------------------------------------------------------------------------

Report Check Netlist: 
+------+------------------+-------+---------+-------+------------------+
|      |Item              |Errors |Warnings |Status |Description       |
+------+------------------+-------+---------+-------+------------------+
|1     |multi_driven_nets |      0|        0|Passed |Multi driven nets |
+------+------------------+-------+---------+-------+------------------+
---------------------------------------------------------------------------------
Start Renaming Generated Instances
---------------------------------------------------------------------------------
---------------------------------------------------------------------------------
Finished Renaming Generated Instances : Time (s): cpu = 00:00:23 ; elapsed = 00:01:14 . Memory (MB): peak = 1619.137 ; gain = 422.949 ; free physical = 552 ; free virtual = 4063
---------------------------------------------------------------------------------

Report RTL Partitions: 
+-+--------------+------------+----------+
| |RTL Partition |Replication |Instances |
+-+--------------+------------+----------+
+-+--------------+------------+----------+
---------------------------------------------------------------------------------
Start Rebuilding User Hierarchy
---------------------------------------------------------------------------------
---------------------------------------------------------------------------------
Finished Rebuilding User Hierarchy : Time (s): cpu = 00:00:23 ; elapsed = 00:01:14 . Memory (MB): peak = 1619.137 ; gain = 422.949 ; free physical = 552 ; free virtual = 4063
---------------------------------------------------------------------------------
---------------------------------------------------------------------------------
Start Renaming Generated Ports
---------------------------------------------------------------------------------
---------------------------------------------------------------------------------
Finished Renaming Generated Ports : Time (s): cpu = 00:00:23 ; elapsed = 00:01:14 . Memory (MB): peak = 1619.137 ; gain = 422.949 ; free physical = 552 ; free virtual = 4063
---------------------------------------------------------------------------------
---------------------------------------------------------------------------------
Start Handling Custom Attributes
---------------------------------------------------------------------------------
---------------------------------------------------------------------------------
Finished Handling Custom Attributes : Time (s): cpu = 00:00:23 ; elapsed = 00:01:14 . Memory (MB): peak = 1619.137 ; gain = 422.949 ; free physical = 552 ; free virtual = 4063
---------------------------------------------------------------------------------
---------------------------------------------------------------------------------
Start Renaming Generated Nets
---------------------------------------------------------------------------------
---------------------------------------------------------------------------------
Finished Renaming Generated Nets : Time (s): cpu = 00:00:23 ; elapsed = 00:01:14 . Memory (MB): peak = 1619.137 ; gain = 422.949 ; free physical = 552 ; free virtual = 4063
---------------------------------------------------------------------------------
---------------------------------------------------------------------------------
Start Writing Synthesis Report
---------------------------------------------------------------------------------

Report BlackBoxes: 
+-+--------------+----------+
| |BlackBox name |Instances |
+-+--------------+----------+
+-+--------------+----------+

Report Cell Usage: 
+------+-----+------+
|      |Cell |Count |
+------+-----+------+
|1     |OBUF |     1|
+------+-----+------+

Report Instance Areas: 
+------+---------+-------+------+
|      |Instance |Module |Cells |
+------+---------+-------+------+
|1     |top      |       |     1|
+------+---------+-------+------+
---------------------------------------------------------------------------------
Finished Writing Synthesis Report : Time (s): cpu = 00:00:23 ; elapsed = 00:01:14 . Memory (MB): peak = 1619.137 ; gain = 422.949 ; free physical = 552 ; free virtual = 4063
---------------------------------------------------------------------------------
Synthesis finished with 0 errors, 0 critical warnings and 3 warnings.
Synthesis Optimization Runtime : Time (s): cpu = 00:00:18 ; elapsed = 00:00:21 . Memory (MB): peak = 1619.137 ; gain = 141.477 ; free physical = 606 ; free virtual = 4117
Synthesis Optimization Complete : Time (s): cpu = 00:00:23 ; elapsed = 00:01:14 . Memory (MB): peak = 1619.145 ; gain = 422.949 ; free physical = 606 ; free virtual = 4117
INFO: [Project 1-571] Translating synthesized netlist
INFO: [Project 1-570] Preparing netlist for logic optimization
Parsing XDC File [/home/tys/migentutorial/build_mytry1/top.xdc]
WARNING: [Vivado 12-507] No nets matched 'clk100'. [/home/tys/migentutorial/build_mytry1/top.xdc:10]
CRITICAL WARNING: [Vivado 12-4739] create_clock:No valid object(s) found for '-objects [get_nets clk100]'. [/home/tys/migentutorial/build_mytry1/top.xdc:10]
Resolution: Check if the specified object(s) exists in the current design. If it does, ensure that the correct design hierarchy was specified for the object. If you are working with clocks, make sure create_clock was used to create the clock object before it is referenced.
WARNING: [Vivado 12-1023] No nets matched for command 'get_nets -filter {mr_ff == TRUE}'. [/home/tys/migentutorial/build_mytry1/top.xdc:12]
WARNING: [Vivado 12-180] No cells matched 'get_cells -filter {ars_ff1 == TRUE || ars_ff2 == TRUE}'. [/home/tys/migentutorial/build_mytry1/top.xdc:14]
WARNING: [Vivado 12-508] No pins matched 'get_pins -filter {REF_PIN_NAME == PRE} -of [get_cells -filter {ars_ff1 == TRUE || ars_ff2 == TRUE}]'. [/home/tys/migentutorial/build_mytry1/top.xdc:14]
WARNING: [Vivado 12-180] No cells matched 'get_cells -filter {ars_ff1 == TRUE}'. [/home/tys/migentutorial/build_mytry1/top.xdc:16]
WARNING: [Vivado 12-508] No pins matched 'get_pins -filter {REF_PIN_NAME == Q} -of [get_cells -filter {ars_ff1 == TRUE}]'. [/home/tys/migentutorial/build_mytry1/top.xdc:16]
WARNING: [Vivado 12-180] No cells matched 'get_cells -filter {ars_ff2 == TRUE}'. [/home/tys/migentutorial/build_mytry1/top.xdc:16]
WARNING: [Vivado 12-508] No pins matched 'get_pins -filter {REF_PIN_NAME == D} -of [get_cells -filter {ars_ff2 == TRUE}]'. [/home/tys/migentutorial/build_mytry1/top.xdc:16]
Finished Parsing XDC File [/home/tys/migentutorial/build_mytry1/top.xdc]
INFO: [Opt 31-138] Pushed 0 inverter(s) to 0 load pin(s).
INFO: [Project 1-111] Unisim Transformation Summary:
No Unisim elements were transformed.

INFO: [Common 17-83] Releasing license: Synthesis
12 Infos, 22 Warnings, 2 Critical Warnings and 0 Errors encountered.
synth_design completed successfully
synth_design: Time (s): cpu = 00:00:25 ; elapsed = 00:01:16 . Memory (MB): peak = 1636.137 ; gain = 451.520 ; free physical = 592 ; free virtual = 4103
# report_timing_summary -file top_timing_synth.rpt
INFO: [Timing 38-35] Done setting XDC timing constraints.
INFO: [Timing 38-91] UpdateTimingParams: Speed grade: -1, Delay Type: min_max.
INFO: [Timing 38-191] Multithreading enabled for timing update using a maximum of 8 CPUs
report_timing_summary: Time (s): cpu = 00:00:04 ; elapsed = 00:00:11 . Memory (MB): peak = 1951.352 ; gain = 315.215 ; free physical = 281 ; free virtual = 3792
# report_utilization -hierarchical -file top_utilization_hierarchical_synth.rpt
report_utilization: Time (s): cpu = 00:00:00.10 ; elapsed = 00:00:00.13 . Memory (MB): peak = 1951.352 ; gain = 0.000 ; free physical = 281 ; free virtual = 3792
# report_utilization -file top_utilization_synth.rpt
report_utilization: Time (s): cpu = 00:00:00.09 ; elapsed = 00:00:00.11 . Memory (MB): peak = 1951.352 ; gain = 0.000 ; free physical = 280 ; free virtual = 3792
# opt_design
Command: opt_design
Attempting to get a license for feature 'Implementation' and/or device 'xc7a100t'
INFO: [Common 17-349] Got license for feature 'Implementation' and/or device 'xc7a100t'
Running DRC as a precondition to command opt_design

Starting DRC Task
INFO: [DRC 23-27] Running DRC with 8 threads
INFO: [Project 1-461] DRC finished with 0 Errors
INFO: [Project 1-462] Please refer to the DRC report (report_drc) for more information.

Time (s): cpu = 00:00:00.07 ; elapsed = 00:00:00.16 . Memory (MB): peak = 2015.383 ; gain = 64.031 ; free physical = 278 ; free virtual = 3790

Starting Logic Optimization Task

Phase 1 Retarget
INFO: [Opt 31-138] Pushed 0 inverter(s) to 0 load pin(s).
INFO: [Opt 31-49] Retargeted 0 cell(s).
Phase 1 Retarget | Checksum: 1b05920f0

Time (s): cpu = 00:00:00.01 ; elapsed = 00:00:00 . Memory (MB): peak = 2015.383 ; gain = 0.000 ; free physical = 278 ; free virtual = 3790
INFO: [Opt 31-389] Phase Retarget created 0 cells and removed 0 cells

Phase 2 Constant propagation
INFO: [Opt 31-138] Pushed 0 inverter(s) to 0 load pin(s).
Phase 2 Constant propagation | Checksum: 1b05920f0

Time (s): cpu = 00:00:00.01 ; elapsed = 00:00:00 . Memory (MB): peak = 2015.383 ; gain = 0.000 ; free physical = 278 ; free virtual = 3790
INFO: [Opt 31-389] Phase Constant propagation created 0 cells and removed 0 cells

Phase 3 Sweep
Phase 3 Sweep | Checksum: 1b05920f0

Time (s): cpu = 00:00:00.01 ; elapsed = 00:00:00 . Memory (MB): peak = 2015.383 ; gain = 0.000 ; free physical = 278 ; free virtual = 3790
INFO: [Opt 31-389] Phase Sweep created 0 cells and removed 0 cells

Phase 4 BUFG optimization
Phase 4 BUFG optimization | Checksum: 1b05920f0

Time (s): cpu = 00:00:00.01 ; elapsed = 00:00:00 . Memory (MB): peak = 2015.383 ; gain = 0.000 ; free physical = 278 ; free virtual = 3790
INFO: [Opt 31-389] Phase BUFG optimization created 0 cells and removed 0 cells

Phase 5 Shift Register Optimization
Phase 5 Shift Register Optimization | Checksum: 1b05920f0

Time (s): cpu = 00:00:00.01 ; elapsed = 00:00:00.01 . Memory (MB): peak = 2015.383 ; gain = 0.000 ; free physical = 278 ; free virtual = 3790
INFO: [Opt 31-389] Phase Shift Register Optimization created 0 cells and removed 0 cells

Phase 6 Post Processing Netlist
Phase 6 Post Processing Netlist | Checksum: 1b05920f0

Time (s): cpu = 00:00:00.01 ; elapsed = 00:00:00.01 . Memory (MB): peak = 2015.383 ; gain = 0.000 ; free physical = 278 ; free virtual = 3790
INFO: [Opt 31-389] Phase Post Processing Netlist created 0 cells and removed 0 cells

Starting Connectivity Check Task

Time (s): cpu = 00:00:00 ; elapsed = 00:00:00 . Memory (MB): peak = 2015.383 ; gain = 0.000 ; free physical = 278 ; free virtual = 3790
Ending Logic Optimization Task | Checksum: 1b05920f0

Time (s): cpu = 00:00:00.01 ; elapsed = 00:00:00.01 . Memory (MB): peak = 2015.383 ; gain = 0.000 ; free physical = 278 ; free virtual = 3790

Starting Power Optimization Task
INFO: [Pwropt 34-132] Skipping clock gating for clocks with a period < 2.00 ns.
Ending Power Optimization Task | Checksum: 1b05920f0

Time (s): cpu = 00:00:00.01 ; elapsed = 00:00:00.02 . Memory (MB): peak = 2015.383 ; gain = 0.000 ; free physical = 278 ; free virtual = 3790
INFO: [Common 17-83] Releasing license: Implementation
15 Infos, 0 Warnings, 0 Critical Warnings and 0 Errors encountered.
opt_design completed successfully
# place_design
Command: place_design
Attempting to get a license for feature 'Implementation' and/or device 'xc7a100t'
INFO: [Common 17-349] Got license for feature 'Implementation' and/or device 'xc7a100t'
INFO: [DRC 23-27] Running DRC with 8 threads
INFO: [Vivado_Tcl 4-198] DRC finished with 0 Errors
INFO: [Vivado_Tcl 4-199] Please refer to the DRC report (report_drc) for more information.
Running DRC as a precondition to command place_design
INFO: [DRC 23-27] Running DRC with 8 threads
INFO: [Vivado_Tcl 4-198] DRC finished with 0 Errors
INFO: [Vivado_Tcl 4-199] Please refer to the DRC report (report_drc) for more information.

Starting Placer Task
INFO: [Place 30-611] Multithreading enabled for place_design using a maximum of 8 CPUs

Phase 1 Placer Initialization

Phase 1.1 Placer Initialization Netlist Sorting
Netlist sorting complete. Time (s): cpu = 00:00:00 ; elapsed = 00:00:00 . Memory (MB): peak = 2015.383 ; gain = 0.000 ; free physical = 267 ; free virtual = 3790
Phase 1.1 Placer Initialization Netlist Sorting | Checksum: cbcaacec

Time (s): cpu = 00:00:00 ; elapsed = 00:00:00.03 . Memory (MB): peak = 2015.383 ; gain = 0.000 ; free physical = 267 ; free virtual = 3790
Netlist sorting complete. Time (s): cpu = 00:00:00 ; elapsed = 00:00:00 . Memory (MB): peak = 2015.383 ; gain = 0.000 ; free physical = 267 ; free virtual = 3790

Phase 1.2 IO Placement/ Clock Placement/ Build Placer Device
INFO: [Timing 38-35] Done setting XDC timing constraints.
Phase 1.2 IO Placement/ Clock Placement/ Build Placer Device | Checksum: cbcaacec

Time (s): cpu = 00:00:00.57 ; elapsed = 00:00:00.44 . Memory (MB): peak = 2039.395 ; gain = 24.012 ; free physical = 265 ; free virtual = 3788

Phase 1.3 Build Placer Netlist Model
Phase 1.3 Build Placer Netlist Model | Checksum: 1c3321241

Time (s): cpu = 00:00:00.66 ; elapsed = 00:00:00.46 . Memory (MB): peak = 2039.395 ; gain = 24.012 ; free physical = 265 ; free virtual = 3788

Phase 1.4 Constrain Clocks/Macros
Phase 1.4 Constrain Clocks/Macros | Checksum: 1c3321241

Time (s): cpu = 00:00:00.67 ; elapsed = 00:00:00.47 . Memory (MB): peak = 2039.395 ; gain = 24.012 ; free physical = 264 ; free virtual = 3788
Phase 1 Placer Initialization | Checksum: 1c3321241

Time (s): cpu = 00:00:00.67 ; elapsed = 00:00:00.47 . Memory (MB): peak = 2039.395 ; gain = 24.012 ; free physical = 264 ; free virtual = 3788

Phase 2 Final Placement Cleanup
Phase 2 Final Placement Cleanup | Checksum: 1c3321241

Time (s): cpu = 00:00:00.67 ; elapsed = 00:00:00.47 . Memory (MB): peak = 2039.395 ; gain = 24.012 ; free physical = 264 ; free virtual = 3788
INFO: [Place 30-281] No place-able instance is found; design doesn't contain any instance or all instances are placed
Ending Placer Task | Checksum: cbcaacec

Time (s): cpu = 00:00:00.68 ; elapsed = 00:00:00.47 . Memory (MB): peak = 2039.395 ; gain = 24.012 ; free physical = 266 ; free virtual = 3789
INFO: [Common 17-83] Releasing license: Implementation
11 Infos, 0 Warnings, 0 Critical Warnings and 0 Errors encountered.
place_design completed successfully
# report_utilization -hierarchical -file top_utilization_hierarchical_place.rpt
report_utilization: Time (s): cpu = 00:00:00.09 ; elapsed = 00:00:00.12 . Memory (MB): peak = 2039.395 ; gain = 0.000 ; free physical = 265 ; free virtual = 3789
# report_utilization -file top_utilization_place.rpt
report_utilization: Time (s): cpu = 00:00:00.08 ; elapsed = 00:00:00.10 . Memory (MB): peak = 2039.395 ; gain = 0.000 ; free physical = 265 ; free virtual = 3789
# report_io -file top_io.rpt
report_io: Time (s): cpu = 00:00:00.09 ; elapsed = 00:00:00.12 . Memory (MB): peak = 2039.395 ; gain = 0.000 ; free physical = 257 ; free virtual = 3782
# report_control_sets -verbose -file top_control_sets.rpt
report_control_sets: Time (s): cpu = 00:00:00.06 ; elapsed = 00:00:00.08 . Memory (MB): peak = 2039.395 ; gain = 0.000 ; free physical = 262 ; free virtual = 3788
# report_clock_utilization -file top_clock_utilization.rpt
# route_design
Command: route_design
Attempting to get a license for feature 'Implementation' and/or device 'xc7a100t'
INFO: [Common 17-349] Got license for feature 'Implementation' and/or device 'xc7a100t'
Running DRC as a precondition to command route_design
INFO: [DRC 23-27] Running DRC with 8 threads
INFO: [Vivado_Tcl 4-198] DRC finished with 0 Errors
INFO: [Vivado_Tcl 4-199] Please refer to the DRC report (report_drc) for more information.


Starting Routing Task
INFO: [Route 35-254] Multithreading enabled for route_design using a maximum of 8 CPUs
Checksum: PlaceDB: 3468cc0c ConstDB: 0 ShapeSum: 9761e0e0 RouteDB: 0

Phase 1 Build RT Design
Phase 1 Build RT Design | Checksum: 10736f47b

Time (s): cpu = 00:00:19 ; elapsed = 00:00:15 . Memory (MB): peak = 2218.078 ; gain = 178.684 ; free physical = 170 ; free virtual = 3630
Post Restoration Checksum: NetGraph: be90403 NumContArr: fb4df078 Constraints: 0 Timing: 0

Phase 2 Router Initialization
INFO: [Route 35-64] No timing constraints were detected. The router will operate in resource-optimization mode.

Phase 2.1 Fix Topology Constraints
Phase 2.1 Fix Topology Constraints | Checksum: 10736f47b

Time (s): cpu = 00:00:19 ; elapsed = 00:00:15 . Memory (MB): peak = 2224.066 ; gain = 184.672 ; free physical = 139 ; free virtual = 3599

Phase 2.2 Pre Route Cleanup
Phase 2.2 Pre Route Cleanup | Checksum: 10736f47b

Time (s): cpu = 00:00:19 ; elapsed = 00:00:15 . Memory (MB): peak = 2224.066 ; gain = 184.672 ; free physical = 138 ; free virtual = 3599
 Number of Nodes with overlaps = 0
Phase 2 Router Initialization | Checksum: 13324dc75

Time (s): cpu = 00:00:19 ; elapsed = 00:00:15 . Memory (MB): peak = 2231.332 ; gain = 191.938 ; free physical = 136 ; free virtual = 3596

Phase 3 Initial Routing
 Number of Nodes with overlaps = 0
Phase 3 Initial Routing | Checksum: 13324dc75

Time (s): cpu = 00:00:20 ; elapsed = 00:00:15 . Memory (MB): peak = 2231.332 ; gain = 191.938 ; free physical = 133 ; free virtual = 3594

Phase 4 Rip-up And Reroute

Phase 4.1 Global Iteration 0
Phase 4.1 Global Iteration 0 | Checksum: 13324dc75

Time (s): cpu = 00:00:20 ; elapsed = 00:00:15 . Memory (MB): peak = 2231.332 ; gain = 191.938 ; free physical = 133 ; free virtual = 3594
Phase 4 Rip-up And Reroute | Checksum: 13324dc75

Time (s): cpu = 00:00:20 ; elapsed = 00:00:15 . Memory (MB): peak = 2231.332 ; gain = 191.938 ; free physical = 133 ; free virtual = 3594

Phase 5 Delay and Skew Optimization
Phase 5 Delay and Skew Optimization | Checksum: 13324dc75

Time (s): cpu = 00:00:20 ; elapsed = 00:00:15 . Memory (MB): peak = 2231.332 ; gain = 191.938 ; free physical = 133 ; free virtual = 3594

Phase 6 Post Hold Fix

Phase 6.1 Hold Fix Iter
Phase 6.1 Hold Fix Iter | Checksum: 13324dc75

Time (s): cpu = 00:00:20 ; elapsed = 00:00:15 . Memory (MB): peak = 2231.332 ; gain = 191.938 ; free physical = 133 ; free virtual = 3594
Phase 6 Post Hold Fix | Checksum: 13324dc75

Time (s): cpu = 00:00:20 ; elapsed = 00:00:15 . Memory (MB): peak = 2231.332 ; gain = 191.938 ; free physical = 133 ; free virtual = 3594

Phase 7 Route finalize

Router Utilization Summary
  Global Vertical Routing Utilization    = 0 %
  Global Horizontal Routing Utilization  = 0 %
  Routable Net Status*
  *Does not include unroutable nets such as driverless and loadless.
  Run report_route_status for detailed report.
  Number of Failed Nets               = 0
  Number of Unrouted Nets             = 0
  Number of Partially Routed Nets     = 0
  Number of Node Overlaps             = 0

Congestion Report
North Dir 1x1 Area, Max Cong = 0%, No Congested Regions.
South Dir 1x1 Area, Max Cong = 0%, No Congested Regions.
East Dir 1x1 Area, Max Cong = 0%, No Congested Regions.
West Dir 1x1 Area, Max Cong = 0%, No Congested Regions.

------------------------------
Reporting congestion hotspots
------------------------------
Direction: North
----------------
Congested clusters found at Level 0
Effective congestion level: 0 Aspect Ratio: 1 Sparse Ratio: 0
Direction: South
----------------
Congested clusters found at Level 0
Effective congestion level: 0 Aspect Ratio: 1 Sparse Ratio: 0
Direction: East
----------------
Congested clusters found at Level 0
Effective congestion level: 0 Aspect Ratio: 1 Sparse Ratio: 0
Direction: West
----------------
Congested clusters found at Level 0
Effective congestion level: 0 Aspect Ratio: 1 Sparse Ratio: 0

Phase 7 Route finalize | Checksum: 13324dc75

Time (s): cpu = 00:00:20 ; elapsed = 00:00:16 . Memory (MB): peak = 2231.332 ; gain = 191.938 ; free physical = 134 ; free virtual = 3593

Phase 8 Verifying routed nets

 Verification completed successfully
Phase 8 Verifying routed nets | Checksum: 13324dc75

Time (s): cpu = 00:00:20 ; elapsed = 00:00:16 . Memory (MB): peak = 2234.332 ; gain = 194.938 ; free physical = 133 ; free virtual = 3592

Phase 9 Depositing Routes
Phase 9 Depositing Routes | Checksum: 13324dc75

Time (s): cpu = 00:00:20 ; elapsed = 00:00:16 . Memory (MB): peak = 2234.332 ; gain = 194.938 ; free physical = 133 ; free virtual = 3592
INFO: [Route 35-16] Router Completed Successfully

Time (s): cpu = 00:00:20 ; elapsed = 00:00:16 . Memory (MB): peak = 2234.332 ; gain = 194.938 ; free physical = 167 ; free virtual = 3626

Routing Is Done.
INFO: [Common 17-83] Releasing license: Implementation
8 Infos, 0 Warnings, 0 Critical Warnings and 0 Errors encountered.
route_design completed successfully
route_design: Time (s): cpu = 00:00:21 ; elapsed = 00:01:16 . Memory (MB): peak = 2234.332 ; gain = 194.938 ; free physical = 205 ; free virtual = 3615
# phys_opt_design
Command: phys_opt_design
Attempting to get a license for feature 'Implementation' and/or device 'xc7a100t'
INFO: [Common 17-349] Got license for feature 'Implementation' and/or device 'xc7a100t'
INFO: [Vivado_Tcl 4-241] Physical synthesis in post route mode ( 100.0% nets are fully routed)
INFO: [Vivado_Tcl 4-235] No timing constraint found. The netlist was not modified.
INFO: [Common 17-83] Releasing license: Implementation
4 Infos, 0 Warnings, 0 Critical Warnings and 0 Errors encountered.
phys_opt_design completed successfully
# report_timing_summary -no_header -no_detailed_paths
INFO: [Timing 38-91] UpdateTimingParams: Speed grade: -1, Delay Type: min_max.
INFO: [Timing 38-191] Multithreading enabled for timing update using a maximum of 8 CPUs
------------------------------------------------------------------------------------------------
| Timer Settings
| --------------
------------------------------------------------------------------------------------------------

  Enable Multi Corner Analysis               :  Yes
  Enable Pessimism Removal                   :  Yes
  Pessimism Removal Resolution               :  Nearest Common Node
  Enable Input Delay Default Clock           :  No
  Enable Preset / Clear Arcs                 :  No
  Disable Flight Delays                      :  No
  Ignore I/O Paths                           :  No
  Timing Early Launch at Borrowing Latches   :  false

  Corner  Analyze    Analyze    
  Name    Max Paths  Min Paths  
  ------  ---------  ---------  
  Slow    Yes        Yes        
  Fast    Yes        Yes        



check_timing report

Table of Contents
-----------------
1. checking no_clock
2. checking constant_clock
3. checking pulse_width_clock
4. checking unconstrained_internal_endpoints
5. checking no_input_delay
6. checking no_output_delay
7. checking multiple_clock
8. checking generated_clocks
9. checking loops
10. checking partial_input_delay
11. checking partial_output_delay
12. checking latch_loops

1. checking no_clock
--------------------
 There are 0 register/latch pins with no clock.


2. checking constant_clock
--------------------------
 There are 0 register/latch pins with constant_clock.


3. checking pulse_width_clock
-----------------------------
 There are 0 register/latch pins which need pulse_width check


4. checking unconstrained_internal_endpoints
--------------------------------------------
 There are 0 pins that are not constrained for maximum delay.

 There are 0 pins that are not constrained for maximum delay due to constant clock.


5. checking no_input_delay
--------------------------
 There are 0 input ports with no input delay specified.

 There are 0 input ports with no input delay but user has a false path constraint.


6. checking no_output_delay
---------------------------
 There are 0 ports with no output delay specified.

 There are 0 ports with no output delay but user has a false path constraint

 There are 0 ports with no output delay but with a timing clock defined on it or propagating through it


7. checking multiple_clock
--------------------------
 There are 0 register/latch pins with multiple clocks.


8. checking generated_clocks
----------------------------
 There are 0 generated clocks that are not connected to a clock source.


9. checking loops
-----------------
 There are 0 combinational loops in the design.


10. checking partial_input_delay
--------------------------------
 There are 0 input ports with partial input delay specified.


11. checking partial_output_delay
---------------------------------
 There are 0 ports with partial output delay specified.


12. checking latch_loops
------------------------
 There are 0 combinational latch loops in the design through latch input



------------------------------------------------------------------------------------------------
| Design Timing Summary
| ---------------------
------------------------------------------------------------------------------------------------

    WNS(ns)      TNS(ns)  TNS Failing Endpoints  TNS Total Endpoints      WHS(ns)      THS(ns)  THS Failing Endpoints  THS Total Endpoints     WPWS(ns)     TPWS(ns)  TPWS Failing Endpoints  TPWS Total Endpoints  
    -------      -------  ---------------------  -------------------      -------      -------  ---------------------  -------------------     --------     --------  ----------------------  --------------------  
         NA           NA                     NA                   NA           NA           NA                     NA                   NA           NA           NA                      NA                    NA  


There are no user specified timing constraints.


------------------------------------------------------------------------------------------------
| Clock Summary
| -------------
------------------------------------------------------------------------------------------------


------------------------------------------------------------------------------------------------
| Intra Clock Table
| -----------------
------------------------------------------------------------------------------------------------

Clock             WNS(ns)      TNS(ns)  TNS Failing Endpoints  TNS Total Endpoints      WHS(ns)      THS(ns)  THS Failing Endpoints  THS Total Endpoints     WPWS(ns)     TPWS(ns)  TPWS Failing Endpoints  TPWS Total Endpoints  
-----             -------      -------  ---------------------  -------------------      -------      -------  ---------------------  -------------------     --------     --------  ----------------------  --------------------  


------------------------------------------------------------------------------------------------
| Inter Clock Table
| -----------------
------------------------------------------------------------------------------------------------

From Clock    To Clock          WNS(ns)      TNS(ns)  TNS Failing Endpoints  TNS Total Endpoints      WHS(ns)      THS(ns)  THS Failing Endpoints  THS Total Endpoints  
----------    --------          -------      -------  ---------------------  -------------------      -------      -------  ---------------------  -------------------  


------------------------------------------------------------------------------------------------
| Other Path Groups Table
| -----------------------
------------------------------------------------------------------------------------------------

Path Group    From Clock    To Clock          WNS(ns)      TNS(ns)  TNS Failing Endpoints  TNS Total Endpoints      WHS(ns)      THS(ns)  THS Failing Endpoints  THS Total Endpoints  
----------    ----------    --------          -------      -------  ---------------------  -------------------      -------      -------  ---------------------  -------------------  


# write_checkpoint -force top_route.dcp
INFO: [Timing 38-480] Writing timing data to binary archive.
Writing placer database...
Writing XDEF routing.
Writing XDEF routing logical nets.
Writing XDEF routing special nets.
Write XDEF Complete: Time (s): cpu = 00:00:00.02 ; elapsed = 00:00:00.01 . Memory (MB): peak = 2234.332 ; gain = 0.000 ; free physical = 207 ; free virtual = 3617
INFO: [Common 17-1381] The checkpoint '/home/tys/migentutorial/build_mytry1/top_route.dcp' has been generated.
# report_route_status -file top_route_status.rpt
# report_drc -file top_drc.rpt
Command: report_drc -file top_drc.rpt
INFO: [IP_Flow 19-234] Refreshing IP repositories
INFO: [IP_Flow 19-1704] No user IP repositories specified
INFO: [IP_Flow 19-2313] Loaded Vivado IP repository '/opt/Xilinx/Vivado/2018.1/data/ip'.
INFO: [DRC 23-27] Running DRC with 8 threads
INFO: [Coretcl 2-168] The results of DRC are in file /home/tys/migentutorial/build_mytry1/top_drc.rpt.
report_drc completed successfully
# report_timing_summary -datasheet -max_paths 10 -file top_timing.rpt
INFO: [Timing 38-91] UpdateTimingParams: Speed grade: -1, Delay Type: min_max.
INFO: [Timing 38-191] Multithreading enabled for timing update using a maximum of 8 CPUs
# report_power -file top_power.rpt
Command: report_power -file top_power.rpt
WARNING: [Power 33-232] No user defined clocks were found in the design!
Resolution: Please specify clocks using create_clock/create_generated_clock for sequential elements. For pure combinatorial circuits, please specify a virtual clock, otherwise the vectorless estimation might be inaccurate
Running Vector-less Activity Propagation...

Finished Running Vector-less Activity Propagation
0 Infos, 1 Warnings, 0 Critical Warnings and 0 Errors encountered.
report_power completed successfully
# write_bitstream -force top.bit 
Command: write_bitstream -force top.bit
Attempting to get a license for feature 'Implementation' and/or device 'xc7a100t'
INFO: [Common 17-349] Got license for feature 'Implementation' and/or device 'xc7a100t'
Running DRC as a precondition to command write_bitstream
INFO: [DRC 23-27] Running DRC with 8 threads
WARNING: [DRC CFGBVS-1] Missing CFGBVS and CONFIG_VOLTAGE Design Properties: Neither the CFGBVS nor CONFIG_VOLTAGE voltage property is set in the current_design.  Configuration bank voltage select (CFGBVS) must be set to VCCO or GND, and CONFIG_VOLTAGE must be set to the correct configuration voltage, in order to determine the I/O voltage support for the pins in bank 0.  It is suggested to specify these either using the 'Edit Device Properties' function in the GUI or directly in the XDC file using the following syntax:

 set_property CFGBVS value1 [current_design]
 #where value1 is either VCCO or GND

 set_property CONFIG_VOLTAGE value2 [current_design]
 #where value2 is the voltage provided to configuration bank 0

Refer to the device configuration user guide for more information.
INFO: [Vivado 12-3199] DRC finished with 0 Errors, 1 Warnings
INFO: [Vivado 12-3200] Please refer to the DRC report (report_drc) for more information.
INFO: [Designutils 20-2272] Running write_bitstream with 8 threads.
Loading data files...
Loading site data...
Loading route data...
Processing options...
Creating bitmap...
Creating bitstream...
Writing bitstream ./top.bit...
INFO: [Vivado 12-1842] Bitgen Completed Successfully.
INFO: [Common 17-41] Interrupt caught. Command should exit soon.
INFO: [Common 17-41] Interrupt caught. Command should exit soon.
INFO: [Common 17-41] Interrupt caught. Command should exit soon.
INFO: [Common 17-41] Interrupt caught. Command should exit soon.
INFO: [Common 17-41] Interrupt caught. Command should exit soon.
INFO: [Common 17-41] Interrupt caught. Command should exit soon.
INFO: [Common 17-41] Interrupt caught. Command should exit soon.
INFO: [Common 17-41] Interrupt caught. Command should exit soon.
INFO: [Common 17-41] Interrupt caught. Command should exit soon.
INFO: [Common 17-41] Interrupt caught. Command should exit soon.
INFO: [Common 17-41] Interrupt caught. Command should exit soon.
INFO: [Common 17-41] Interrupt caught. Command should exit soon.
INFO: [Common 17-41] Interrupt caught. Command should exit soon.
INFO: [Common 17-41] Interrupt caught. Command should exit soon.
INFO: [Common 17-41] Interrupt caught. Command should exit soon.
INFO: [Common 17-41] Interrupt caught. Command should exit soon.
INFO: [Common 17-41] Interrupt caught. Command should exit soon.
INFO: [Common 17-41] Interrupt caught. Command should exit soon.
INFO: [Common 17-41] Interrupt caught. Command should exit soon.
INFO: [Common 17-41] Interrupt caught. Command should exit soon.
INFO: [Common 17-41] Interrupt caught. Command should exit soon.
INFO: [Project 1-120] WebTalk data collection is mandatory when using a WebPACK part without a full Vivado license. To see the specific WebTalk data collected for your design, open the usage_statistics_webtalk.html or usage_statistics_webtalk.xml file in the implementation directory.
INFO: [Common 17-186] '/home/tys/migentutorial/build_mytry1/usage_statistics_webtalk.xml' has been successfully sent to Xilinx on Sat May 12 03:11:02 2018. For additional details about this file, please refer to the WebTalk help file at /opt/Xilinx/Vivado/2018.1/doc/webtalk_introduction.html.
INFO: [Common 17-83] Releasing license: Implementation
30 Infos, 1 Warnings, 0 Critical Warnings and 0 Errors encountered.
write_bitstream completed successfully
write_bitstream: Time (s): cpu = 00:00:07 ; elapsed = 00:01:41 . Memory (MB): peak = 2594.152 ; gain = 319.801 ; free physical = 430 ; free virtual = 3538
INFO: [Common 17-344] 'write_bitstream' was cancelled
INFO: [Common 17-344] 'source' was cancelled
INFO: [Common 17-206] Exiting Vivado at Sat May 12 03:11:02 2018...
